<?xml version="1.0" encoding="UTF-8"?>
<!-- Generated by org.testng.reporters.JUnitReportReporter -->
<testsuite skipped="0" hostname="DESKTOP-57KE47Q" name="runner.Runner" tests="1" failures="0" timestamp="25 Feb 2018 13:39:43 GMT" time="20.625" errors="0">
  <testcase name="feature" time="20.625" classname="runner.Runner"/>
</testsuite> <!-- runner.Runner -->
